{
  "RSpec": {
    "coverage": {
      "/Users/spikelny/Desktop/projects/debit/spec/models/account_spec.rb": [
        1,
        1,
        null,
        1,
        1,
        10,
        10,
        10,
        10,
        null,
        10,
        10,
        10,
        10,
        10,
        10,
        10,
        10,
        10,
        10,
        null,
        10,
        null,
        null,
        null,
        null,
        1,
        1,
        1,
        null,
        null,
        1,
        1,
        null,
        null,
        1,
        1,
        1,
        null,
        null,
        null,
        null,
        null,
        null,
        null,
        null,
        1,
        1,
        1,
        null,
        null,
        1,
        1,
        1,
        null,
        null,
        null,
        null,
        null,
        null,
        null,
        null,
        1,
        1,
        null,
        null,
        null,
        null,
        1,
        1,
        1,
        null,
        null,
        1,
        1,
        null,
        null,
        null,
        1,
        1,
        1,
        null,
        null,
        null,
        1,
        1,
        1,
        null,
        null,
        null,
        null
      ],
      "/Users/spikelny/Desktop/projects/debit/spec/rails_helper.rb": [
        null,
        1,
        1,
        1,
        1,
        null,
        null,
        null,
        null,
        null,
        null,
        null,
        null,
        1,
        null,
        null,
        null,
        1,
        null,
        1,
        null,
        1,
        null,
        null,
        null,
        null,
        1,
        null,
        null,
        null,
        null,
        null,
        null,
        null,
        null,
        null,
        null,
        null,
        null,
        null,
        null,
        1,
        null
      ],
      "/Users/spikelny/Desktop/projects/debit/config/environment.rb": [
        null,
        1,
        null,
        null,
        1
      ],
      "/Users/spikelny/Desktop/projects/debit/config/application.rb": [
        1,
        null,
        null,
        1,
        1,
        1,
        1,
        1,
        1,
        null,
        null,
        null,
        null,
        1,
        null,
        1,
        1,
        null,
        null,
        null,
        null,
        null,
        null,
        null,
        null,
        null,
        null,
        null,
        null,
        null
      ],
      "/Users/spikelny/Desktop/projects/debit/config/boot.rb": [
        null,
        1,
        null,
        1
      ],
      "/Users/spikelny/Desktop/projects/debit/config/environments/test.rb": [
        1,
        null,
        null,
        null,
        null,
        null,
        null,
        1,
        null,
        null,
        null,
        null,
        1,
        null,
        null,
        1,
        1,
        null,
        null,
        1,
        1,
        null,
        null,
        1,
        null,
        null,
        1,
        null,
        null,
        null,
        null,
        1,
        null,
        null,
        1,
        null,
        null,
        null,
        null
      ],
      "/Users/spikelny/Desktop/projects/debit/config/initializers/assets.rb": [
        null,
        null,
        null,
        1,
        null,
        null,
        null,
        null
      ],
      "/Users/spikelny/Desktop/projects/debit/config/initializers/backtrace_silencers.rb": [
        null,
        null,
        null,
        null,
        null,
        null,
        null
      ],
      "/Users/spikelny/Desktop/projects/debit/config/initializers/cookies_serializer.rb": [
        null,
        null,
        1
      ],
      "/Users/spikelny/Desktop/projects/debit/config/initializers/filter_parameter_logging.rb": [
        null,
        null,
        null,
        1
      ],
      "/Users/spikelny/Desktop/projects/debit/config/initializers/inflections.rb": [
        null,
        null,
        null,
        null,
        null,
        null,
        null,
        null,
        null,
        null,
        null,
        null,
        null,
        null,
        null,
        null
      ],
      "/Users/spikelny/Desktop/projects/debit/config/initializers/mime_types.rb": [
        null,
        null,
        null,
        null
      ],
      "/Users/spikelny/Desktop/projects/debit/config/initializers/session_store.rb": [
        null,
        null,
        1
      ],
      "/Users/spikelny/Desktop/projects/debit/config/initializers/wrap_parameters.rb": [
        null,
        null,
        null,
        null,
        null,
        null,
        1,
        2,
        null,
        null,
        null,
        null,
        null,
        null
      ],
      "/Users/spikelny/Desktop/projects/debit/config/routes.rb": [
        1,
        1,
        1,
        1,
        null,
        null,
        null,
        null,
        null,
        null,
        null,
        null,
        null,
        null,
        null,
        null,
        null,
        null,
        null,
        null,
        null,
        null,
        null,
        null,
        null,
        null,
        null,
        null,
        null,
        null,
        null,
        null,
        null,
        null,
        null,
        null,
        null,
        null,
        null,
        null,
        null,
        null,
        null,
        null,
        null,
        null,
        null,
        null,
        null,
        null,
        null,
        null,
        null,
        null,
        null,
        null,
        null,
        null,
        null,
        null,
        null
      ],
      "/Users/spikelny/Desktop/projects/debit/app/helpers/application_helper.rb": [
        1,
        null
      ],
      "/Users/spikelny/Desktop/projects/debit/app/models/account.rb": [
        1,
        1,
        null,
        null,
        null,
        1,
        null,
        null,
        null,
        1,
        2,
        null,
        null,
        1,
        5,
        5,
        null,
        null,
        1,
        3,
        null,
        null,
        1,
        5,
        5,
        null,
        null,
        1,
        3,
        null,
        null
      ],
      "/Users/spikelny/Desktop/projects/debit/spec/models/api_key_spec.rb": [
        1,
        null,
        1,
        1,
        null
      ],
      "/Users/spikelny/Desktop/projects/debit/app/models/api_key.rb": [
        1,
        1,
        1,
        null,
        1,
        1,
        null,
        0,
        0,
        null,
        null
      ],
      "/Users/spikelny/Desktop/projects/debit/spec/models/user_spec.rb": [
        1,
        null,
        1,
        1,
        null
      ],
      "/Users/spikelny/Desktop/projects/debit/app/models/user.rb": [
        1,
        1,
        1,
        null,
        1,
        1,
        0,
        null,
        null
      ],
      "/Users/spikelny/Desktop/projects/debit/app/models/loan.rb": [
        1,
        1,
        null,
        null,
        1,
        null,
        null,
        1,
        null,
        null,
        null,
        1,
        null,
        null,
        null,
        null
      ]
    },
    "timestamp": 1412444312
  }
}
